********************************************************************************
DUPLICATOR-LITE PACKAGE-LOG: 11 December, 2021 2:25 am
NOTICE: Do NOT post to public sites or forums 
********************************************************************************
VERSION:	1.4.3
WORDPRESS:	5.8.2
PHP INFO:	7.3.9 | SAPI: apache2handler
SERVER:		Apache/2.4.41 (Win64) OpenSSL/1.1.1c PHP/7.3.9 
PHP TIME LIMIT: (0) no time limit imposed 
PHP MAX MEMORY: 4294967296 (900M default) 
MEMORY STACK: 14MB

********************************************************************************
DATABASE:
********************************************************************************
BUILD MODE:   MYSQLDUMP
MYSQLTIMEOUT: 5000
MYSQLDUMP:    Is Supported
SQL CREATED: 20211208_askventure_49ca3eb9658494875510_20211211022332_database.sql
SQL FILE SIZE: 2.66MB (2784885)
SQL FILE TIME: 2021-12-11 02:25:30
SQL RUNTIME: 8.43 sec.

********************************************************************************
ARCHIVE (ZIP):
********************************************************************************
ARCHIVE DIR:  D:/xampp/htdocs/wp/ask-venture
ARCHIVE FILE: 20211208_askventure_49ca3eb9658494875510_20211211022332_archive.zip
FILTERS: *OFF*
DIRS:
	not set
FILES:
	not set
EXTS:  not set
----------------------------------------
COMPRESSING
SIZE:	129.14MB
STATS:	Dirs 2,004 | Files 10,309
SQL ADDED: 20211208_askventure_49ca3eb9658494875510_20211211022332_database.sql
ZipArchive Object
(
    [status] => 0
    [statusSys] => 0
    [numFiles] => 12313
    [filename] => D:\xampp\htdocs\wp\ask-venture\wp-content\backups-dup-lite\tmp\20211208_askventure_49ca3eb9658494875510_20211211022332_archive.zip
    [comment] => 
)

FILE ADDED TO ZIP: 12312
COMPRESSION RESULT: '1'
COMPRESSED SIZE: 46.33MB
ARCHIVE RUNTIME: 155.38 sec.
MEMORY STACK: 18MB
building installer
add_extra_files1
add_extra_files2
add_extra_files3
add_extra_files4
Doing archive file check
add_extra_files5
add_extra_files6
add_extra_files8
Successfully opened zip D:/xampp/htdocs/wp/ask-venture/wp-content/backups-dup-lite/tmp/20211208_askventure_49ca3eb9658494875510_20211211022332_archive.zip
Adding enhanced installer files to archive using ZipArchive
Installer files added to archive
Added to archive
After ziparchive close when adding installer

********************************************************************************
INTEGRITY CHECKS:
********************************************************************************
SQL FILE: 2.66MB
INSTALLER FILE: 64.26KB
ARCHIVE FILE: 47.37MB 
EXPECTED FILE/DIRECTORY COUNT: 12,313
ACTUAL FILE/DIRECTORY COUNT: 12,312
ARCHIVE CONSISTENCY TEST: Pass

********************************************************************************
RECORD ID:[2]
TOTAL PROCESS RUNTIME: 166.73 sec.
PEAK PHP MEMORY USED: 20MB
DONE PROCESSING => 20211208_askventure 11 December, 2021 2:28 am

